[debug] > Exec(early(addDefaultCommands), None, None)
[debug] > Exec(addDefaultCommands, None, None)
[debug] > Exec(early(initialize), None, None)
[debug] > Exec(initialize, None, None)
[debug] > Exec(boot, None, None)
[debug] > Exec(writeSbtVersion, None, None)
[debug] > Exec(reload, None, None)
[debug] > Exec(sbtStashOnFailure, None, None)
[debug] > Exec(onFailure loadFailed, None, None)
[debug] > Exec(loadp, None, None)
[info] welcome to sbt 1.10.6 (Ubuntu Java 21.0.10)
[debug] Load.defaultLoad until apply took 1317.556614ms
[debug]           Load.loadUnit: plugins took 809.648645ms
[debug]           Load.loadUnit: defsScala took 26.10339ms
[debug] [Loading] Scanning directory /home/oof/tiny_compiler/project
[debug] [Loading] Found non-root projects 
[debug] [Loading] Done in /home/oof/tiny_compiler/project, returning: ()
[debug] deducing auto plugins based on known facts Set(Atom(sbt.plugins.CorePlugin)) and clauses Clauses(Clause(Atom(sbt.plugins.JvmPlugin),Set(Atom(sbt.plugins.IvyPlugin)))
[debug] Clause(Atom(sbt.ScriptedPlugin),Set(Atom(sbt.plugins.JvmPlugin)))
[debug] Clause(Atom(sbt.plugins.SbtPlugin),Set(Atom(sbt.ScriptedPlugin)))
[debug] Clause(Atom(sbt.plugins.SemanticdbPlugin),Set(Atom(sbt.plugins.JvmPlugin)))
[debug] Clause(Atom(sbt.plugins.JUnitXmlReportPlugin),Set(Atom(sbt.plugins.JvmPlugin)))
[debug] Clause(Atom(sbt.plugins.MiniDependencyTreePlugin),Set(Atom(sbt.plugins.JvmPlugin)))
[debug] Clause(Atom(sbt.plugins.CorePlugin),Set(Atom(sbt.plugins.IvyPlugin)))
[debug] Clause(Atom(sbt.plugins.IvyPlugin),Set(Atom(sbt.plugins.JvmPlugin)))
[debug] Clause(Atom(sbt.plugins.JvmPlugin),Set(Atom(sbt.plugins.SemanticdbPlugin)))
[debug] Clause(Atom(sbt.plugins.JvmPlugin),Set(Atom(sbt.plugins.JUnitXmlReportPlugin)))
[debug] Clause(Atom(sbt.plugins.CorePlugin),Set(Atom(sbt.plugins.Giter8TemplatePlugin)))
[debug] Clause(Atom(sbt.plugins.JvmPlugin),Set(Atom(sbt.plugins.MiniDependencyTreePlugin))))
[debug]   :: deduced result: Matched(sbt.plugins.CorePlugin,sbt.plugins.Giter8TemplatePlugin,sbt.plugins.IvyPlugin,sbt.plugins.JvmPlugin,sbt.plugins.MiniDependencyTreePlugin,sbt.plugins.JUnitXmlReportPlugin,sbt.plugins.SemanticdbPlugin)
[debug] Plugins.deducer#function took 268.333829 ms
[debug]               Load.resolveProject(tiny_compiler-build) took 728.411894ms
[debug]             Load.loadTransitive: finalizeProject(Project(id tiny_compiler-build, base: /home/oof/tiny_compiler/project, plugins: List(<none>))) took 1202.763479ms
[debug] [Loading] Done in /home/oof/tiny_compiler/project, returning: (tiny_compiler-build)
[debug]           Load.loadUnit: loadedProjectsRaw took 1551.121058ms
[debug]           Load.loadUnit: cleanEvalClasses took 0.253068ms
[debug]         Load.loadUnit(file:/home/oof/tiny_compiler/project/, ...) took 2469.719084ms
[debug]       Load.apply: load took 5576.287422ms
[debug]       Load.apply: resolveProjects took 117.901118ms
[debug]       Load.apply: finalTransforms took 1290.905329ms
[debug]       Load.apply: config.delegates took 115.607908ms
[debug]       Load.apply: Def.make(settings)... took 6366.919299ms
