[debug] > Exec(early(addDefaultCommands), None, None)
[debug] > Exec(addDefaultCommands, None, None)
[debug] > Exec(early(initialize), None, None)
[debug] > Exec(initialize, None, None)
[debug] > Exec(boot, None, None)
[debug] > Exec(writeSbtVersion, None, None)
[warn] No sbt.version set in project/build.properties, base directory: /home/oof/tiny_compiler
[debug] > Exec(reload, None, None)
[debug] > Exec(sbtStashOnFailure, None, None)
[debug] > Exec(onFailure loadFailed, None, None)
[debug] > Exec(loadp, None, None)
[info] welcome to sbt 1.10.6 (Ubuntu Java 21.0.10)
[debug] Load.defaultLoad until apply took 87.116015ms
[debug]     Load.loadUnit: plugins took 60.471392ms
[debug]     Load.loadUnit: defsScala took 0.341902ms
[debug] [Loading] Scanning directory /home/oof/tiny_compiler
[debug] [Loading] Found non-root projects 
[debug] [Loading] Done in /home/oof/tiny_compiler, returning: ()
[debug] deducing auto plugins based on known facts Set(Atom(sbt.plugins.CorePlugin)) and clauses Clauses(Clause(Atom(sbt.plugins.JvmPlugin),Set(Atom(sbt.plugins.IvyPlugin)))
[debug] Clause(Atom(sbt.ScriptedPlugin),Set(Atom(sbt.plugins.JvmPlugin)))
[debug] Clause(Atom(sbt.plugins.SbtPlugin),Set(Atom(sbt.ScriptedPlugin)))
[debug] Clause(Atom(sbt.plugins.SemanticdbPlugin),Set(Atom(sbt.plugins.JvmPlugin)))
[debug] Clause(Atom(sbt.plugins.JUnitXmlReportPlugin),Set(Atom(sbt.plugins.JvmPlugin)))
[debug] Clause(Atom(sbt.plugins.MiniDependencyTreePlugin),Set(Atom(sbt.plugins.JvmPlugin)))
[debug] Clause(Atom(sbt.plugins.CorePlugin),Set(Atom(sbt.plugins.IvyPlugin)))
[debug] Clause(Atom(sbt.plugins.IvyPlugin),Set(Atom(sbt.plugins.JvmPlugin)))
[debug] Clause(Atom(sbt.plugins.JvmPlugin),Set(Atom(sbt.plugins.SemanticdbPlugin)))
[debug] Clause(Atom(sbt.plugins.JvmPlugin),Set(Atom(sbt.plugins.JUnitXmlReportPlugin)))
[debug] Clause(Atom(sbt.plugins.CorePlugin),Set(Atom(sbt.plugins.Giter8TemplatePlugin)))
[debug] Clause(Atom(sbt.plugins.JvmPlugin),Set(Atom(sbt.plugins.MiniDependencyTreePlugin))))
[debug]   :: deduced result: Matched(sbt.plugins.CorePlugin,sbt.plugins.Giter8TemplatePlugin,sbt.plugins.IvyPlugin,sbt.plugins.JvmPlugin,sbt.plugins.MiniDependencyTreePlugin,sbt.plugins.JUnitXmlReportPlugin,sbt.plugins.SemanticdbPlugin)
[debug] Plugins.deducer#function took 21.379632 ms
[debug]         Load.resolveProject(tiny_compiler) took 53.089734ms
[debug]       Load.loadTransitive: finalizeProject(Project(id tiny_compiler, base: /home/oof/tiny_compiler, plugins: List(<none>))) took 98.869641ms
[debug] [Loading] Done in /home/oof/tiny_compiler, returning: (tiny_compiler)
[debug]     Load.loadUnit: loadedProjectsRaw took 117.621343ms
[debug]     Load.loadUnit: cleanEvalClasses took 0.211653ms
[debug]   Load.loadUnit(file:/home/oof/tiny_compiler/, ...) took 184.544008ms
[debug] Load.apply: load took 398.473866ms
[debug] Load.apply: resolveProjects took 6.425782ms
[debug] Load.apply: finalTransforms took 63.587015ms
[debug] Load.apply: config.delegates took 7.76732ms
[debug] Load.apply: Def.make(settings)... took 423.188089ms
[debug] Load.apply: structureIndex took 92.129308ms
[debug] Load.apply: mkStreams took 1.589637ms
[info] set current project to tiny_compiler (in build file:/home/oof/tiny_compiler/)
[debug] > Exec(sbtPopOnFailure, None, None)
[debug] > Exec(resumeFromFailure, None, None)
[debug] > Exec(notifyUsersAboutShell, None, None)
[debug] > Exec(iflast shell, None, None)
[debug] > Exec(shell, None, None)
[info] sbt server started at local:///home/oof/.sbt/1.0/server/cfc1ab12be56f4582076/sock
[debug] Writing bsp connection file
[info] started sbt server
